# JRE version: Java(TM) SE Runtime Environment (21.0.1+12) (build 21.0.1+12-LTS-29)
# Java VM: Java HotSpot(TM) 64-Bit Server VM (21.0.1+12-LTS-29, mixed mode, sharing, tiered, compressed oops, compressed class ptrs, g1 gc, bsd-aarch64)
Heap:
 garbage-first heap   total 649216K, used 395783K [0x0000000780000000, 0x0000000800000000)
  region size 1024K, 259 young (265216K), 4 survivors (4096K)
 Metaspace       used 13070K, committed 13376K, reserved 1114112K
  class space    used 1220K, committed 1344K, reserved 1048576K
GC Heap History (20 events):
Event: 1.899 GC heap before
{Heap before GC invocations=4 (full 0):
 garbage-first heap   total 133120K, used 72588K [0x0000000780000000, 0x0000000800000000)
  region size 1024K, 5 young (5120K), 3 survivors (3072K)
 Metaspace       used 10244K, committed 10560K, reserved 1114112K
  class space    used 1083K, committed 1216K, reserved 1048576K
}
Event: 1.901 GC heap after
{Heap after GC invocations=5 (full 0):
 garbage-first heap   total 133120K, used 59187K [0x0000000780000000, 0x0000000800000000)
  region size 1024K, 3 young (3072K), 3 survivors (3072K)
 Metaspace       used 10244K, committed 10560K, reserved 1114112K
  class space    used 1083K, committed 1216K, reserved 1048576K
}
Event: 1.903 GC heap before
{Heap before GC invocations=5 (full 0):
 garbage-first heap   total 133120K, used 71475K [0x0000000780000000, 0x0000000800000000)
  region size 1024K, 4 young (4096K), 3 survivors (3072K)
 Metaspace       used 10244K, committed 10560K, reserved 1114112K
  class space    used 1083K, committed 1216K, reserved 1048576K
}
Event: 1.905 GC heap after
{Heap after GC invocations=6 (full 0):
 garbage-first heap   total 133120K, used 71145K [0x0000000780000000, 0x0000000800000000)
  region size 1024K, 3 young (3072K), 3 survivors (3072K)
 Metaspace       used 10244K, committed 10560K, reserved 1114112K
  class space    used 1083K, committed 1216K, reserved 1048576K
}
Event: 1.987 GC heap before
{Heap before GC invocations=7 (full 0):
 garbage-first heap   total 133120K, used 130537K [0x0000000780000000, 0x0000000800000000)
  region size 1024K, 8 young (8192K), 3 survivors (3072K)
 Metaspace       used 10279K, committed 10560K, reserved 1114112K
  class space    used 1087K, committed 1216K, reserved 1048576K
}
Event: 1.989 GC heap after
{Heap after GC invocations=8 (full 0):
 garbage-first heap   total 220160K, used 85623K [0x0000000780000000, 0x0000000800000000)
  region size 1024K, 3 young (3072K), 3 survivors (3072K)
 Metaspace       used 10279K, committed 10560K, reserved 1114112K
  class space    used 1087K, committed 1216K, reserved 1048576K
}
Event: 2.292 GC heap before
{Heap before GC invocations=8 (full 0):
 garbage-first heap   total 250880K, used 248439K [0x0000000780000000, 0x0000000800000000)
  region size 1024K, 40 young (40960K), 3 survivors (3072K)
 Metaspace       used 10323K, committed 10560K, reserved 1114112K
  class space    used 1092K, committed 1216K, reserved 1048576K
}
Event: 2.294 GC heap after
{Heap after GC invocations=9 (full 0):
 garbage-first heap   total 253952K, used 101467K [0x0000000780000000, 0x0000000800000000)
  region size 1024K, 3 young (3072K), 3 survivors (3072K)
 Metaspace       used 10323K, committed 10560K, reserved 1114112K
  class space    used 1092K, committed 1216K, reserved 1048576K
}
Event: 2.339 GC heap before
{Heap before GC invocations=9 (full 0):
 garbage-first heap   total 253952K, used 123995K [0x0000000780000000, 0x0000000800000000)
  region size 1024K, 11 young (11264K), 3 survivors (3072K)
 Metaspace       used 10332K, committed 10560K, reserved 1114112K
  class space    used 1092K, committed 1216K, reserved 1048576K
}
Event: 2.341 GC heap after
{Heap after GC invocations=10 (full 0):
 garbage-first heap   total 253952K, used 79477K [0x0000000780000000, 0x0000000800000000)
  region size 1024K, 3 young (3072K), 3 survivors (3072K)
 Metaspace       used 10332K, committed 10560K, reserved 1114112K
  class space    used 1092K, committed 1216K, reserved 1048576K
}
Event: 4.908 GC heap before
{Heap before GC invocations=10 (full 0):
 garbage-first heap   total 253952K, used 121461K [0x0000000780000000, 0x0000000800000000)
  region size 1024K, 11 young (11264K), 3 survivors (3072K)
 Metaspace       used 10689K, committed 11008K, reserved 1114112K
  class space    used 1105K, committed 1280K, reserved 1048576K
}
Event: 4.911 GC heap after
{Heap after GC invocations=11 (full 0):
 garbage-first heap   total 253952K, used 94099K [0x0000000780000000, 0x0000000800000000)
  region size 1024K, 3 young (3072K), 3 survivors (3072K)
 Metaspace       used 10689K, committed 11008K, reserved 1114112K
  class space    used 1105K, committed 1280K, reserved 1048576K
}
Event: 13.358 GC heap before
{Heap before GC invocations=11 (full 0):
 garbage-first heap   total 253952K, used 122771K [0x0000000780000000, 0x0000000800000000)
  region size 1024K, 20 young (20480K), 3 survivors (3072K)
 Metaspace       used 12446K, committed 12736K, reserved 1114112K
  class space    used 1199K, committed 1344K, reserved 1048576K
}
Event: 13.360 GC heap after
{Heap after GC invocations=12 (full 0):
 garbage-first heap   total 253952K, used 94668K [0x0000000780000000, 0x0000000800000000)
  region size 1024K, 4 young (4096K), 4 survivors (4096K)
 Metaspace       used 12446K, committed 12736K, reserved 1114112K
  class space    used 1199K, committed 1344K, reserved 1048576K
}
Event: 13.367 GC heap before
{Heap before GC invocations=12 (full 0):
 garbage-first heap   total 253952K, used 117196K [0x0000000780000000, 0x0000000800000000)
  region size 1024K, 6 young (6144K), 4 survivors (4096K)
 Metaspace       used 12451K, committed 12736K, reserved 1114112K
  class space    used 1200K, committed 1344K, reserved 1048576K
}
Event: 13.369 GC heap after
{Heap after GC invocations=13 (full 0):
 garbage-first heap   total 253952K, used 112281K [0x0000000780000000, 0x0000000800000000)
  region size 1024K, 4 young (4096K), 4 survivors (4096K)
 Metaspace       used 12451K, committed 12736K, reserved 1114112K
  class space    used 1200K, committed 1344K, reserved 1048576K
}
Event: 13.370 GC heap before
{Heap before GC invocations=13 (full 0):
 garbage-first heap   total 253952K, used 115353K [0x0000000780000000, 0x0000000800000000)
  region size 1024K, 5 young (5120K), 4 survivors (4096K)
 Metaspace       used 12451K, committed 12736K, reserved 1114112K
  class space    used 1200K, committed 1344K, reserved 1048576K
}
Event: 13.372 GC heap after
{Heap after GC invocations=14 (full 0):
 garbage-first heap   total 253952K, used 115193K [0x0000000780000000, 0x0000000800000000)
  region size 1024K, 4 young (4096K), 4 survivors (4096K)
 Metaspace       used 12451K, committed 12736K, reserved 1114112K
  class space    used 1200K, committed 1344K, reserved 1048576K
}
Event: 13.387 GC heap before
{Heap before GC invocations=14 (full 0):
 garbage-first heap   total 253952K, used 118265K [0x0000000780000000, 0x0000000800000000)
  region size 1024K, 5 young (5120K), 4 survivors (4096K)
 Metaspace       used 12519K, committed 12800K, reserved 1114112K
  class space    used 1202K, committed 1344K, reserved 1048576K
}
Event: 13.390 GC heap after
{Heap after GC invocations=15 (full 0):
 garbage-first heap   total 649216K, used 118279K [0x0000000780000000, 0x0000000800000000)
  region size 1024K, 4 young (4096K), 4 survivors (4096K)
 Metaspace       used 12519K, committed 12800K, reserved 1114112K
  class space    used 1202K, committed 1344K, reserved 1048576K
}

